<?xml version="1.0" encoding="UTF-8"?>
<testsuite name="Conjunto de casos de verificação de campos obrigatórios" tests="1" skipped="0" failures="0" errors="0" timestamp="2023-04-06T01:55:30" hostname="lucaspereira" time="0.014">
  <properties/>
  <testcase name="Quando alteramos o nome do produto com dados válidos" classname="com.ufcg.psoft.mercadofacil.controller.ProdutoV1ControllerTests$ProdutoValidacaoCamposObrigatorios" time="0.014"/>
  <system-out><![CDATA[2023-04-05T22:55:30.970-03:00  INFO 28350 --- [    Test worker] t.c.s.AnnotationConfigContextLoaderUtils : Could not detect default configuration classes for test class [com.ufcg.psoft.mercadofacil.controller.ProdutoV1ControllerTests$ProdutoValidacaoCamposObrigatorios]: ProdutoValidacaoCamposObrigatorios does not declare any static, non-private, non-final, nested classes annotated with @Configuration.
2023-04-05T22:55:30.977-03:00  INFO 28350 --- [    Test worker] .b.t.c.SpringBootTestContextBootstrapper : Found @SpringBootConfiguration com.ufcg.psoft.mercadofacil.MercadoFacilApplication for test class com.ufcg.psoft.mercadofacil.controller.ProdutoV1ControllerTests$ProdutoValidacaoCamposObrigatorios

MockHttpServletRequest:
      HTTP Method = PUT
      Request URI = /v1/produtos/10
       Parameters = {}
          Headers = [Content-Type:"application/json;charset=UTF-8", Content-Length:"110"]
             Body = {"id":10,"nome":"Produto Dez Alterado","preco":450.0,"codigoBarra":"4012345678901","fabricante":"Empresa Dez"}
    Session Attrs = {}

Handler:
             Type = com.ufcg.psoft.mercadofacil.controller.ProdutoV1Controller
           Method = com.ufcg.psoft.mercadofacil.controller.ProdutoV1Controller#atualizarProduto(Long, Produto)

Async:
    Async started = false
     Async result = null

Resolved Exception:
             Type = null

ModelAndView:
        View name = null
             View = null
            Model = null

FlashMap:
       Attributes = null

MockHttpServletResponse:
           Status = 200
    Error message = null
          Headers = [Content-Type:"application/json"]
     Content type = application/json
             Body = {"id":10,"nome":"Produto Dez Alterado","preco":232.2,"codigoBarra":"7898357417892","fabricante":"Empresa Dez"}
    Forwarded URL = null
   Redirected URL = null
          Cookies = []
]]></system-out>
  <system-err><![CDATA[]]></system-err>
</testsuite>
