<?xml version="1.0" encoding="UTF-8"?>
<testsuite name="Testes do Serviço de alteração do produto" tests="5" skipped="0" failures="0" errors="0" timestamp="2023-04-08T17:50:05" hostname="lucaspereira" time="0.089">
  <properties/>
  <testcase name="Verificando código de barras dentro dos termos." classname="com.ufcg.psoft.mercadofacil.service.ProdutoAlterarServiceTests" time="0.052"/>
  <testcase name="Quando o preço é maior que zero" classname="com.ufcg.psoft.mercadofacil.service.ProdutoAlterarServiceTests" time="0.008"/>
  <testcase name="Quando um novo nome válido for fornecido para o produto" classname="com.ufcg.psoft.mercadofacil.service.ProdutoAlterarServiceTests" time="0.005"/>
  <testcase name="Quando o preço é menor ou igual a zero" classname="com.ufcg.psoft.mercadofacil.service.ProdutoAlterarServiceTests" time="0.005"/>
  <testcase name="Verificando código de barras válido." classname="com.ufcg.psoft.mercadofacil.service.ProdutoAlterarServiceTests" time="0.008"/>
  <system-out><![CDATA[14:50:03.007 [Test worker] DEBUG org.springframework.boot.test.context.SpringBootTestContextBootstrapper -- Neither @ContextConfiguration nor @ContextHierarchy found for test class [ProdutoAlterarServiceTests]: using SpringBootContextLoader
14:50:03.011 [Test worker] DEBUG org.springframework.test.context.support.AbstractContextLoader -- Could not detect default resource locations for test class [com.ufcg.psoft.mercadofacil.service.ProdutoAlterarServiceTests]: no resource found for suffixes {-context.xml, Context.groovy}.
14:50:03.012 [Test worker] INFO org.springframework.test.context.support.AnnotationConfigContextLoaderUtils -- Could not detect default configuration classes for test class [com.ufcg.psoft.mercadofacil.service.ProdutoAlterarServiceTests]: ProdutoAlterarServiceTests does not declare any static, non-private, non-final, nested classes annotated with @Configuration.
14:50:03.042 [Test worker] DEBUG org.springframework.boot.test.context.SpringBootTestContextBootstrapper -- Using ContextCustomizers for test class [ProdutoAlterarServiceTests]: [DisableObservabilityContextCustomizer, PropertyMappingContextCustomizer, Customizer, ExcludeFilterContextCustomizer, DuplicateJsonObjectContextCustomizer, MockitoContextCustomizer, TestRestTemplateContextCustomizer]
14:50:03.123 [Test worker] DEBUG org.springframework.context.annotation.ClassPathScanningCandidateComponentProvider -- Identified candidate component class: file [/home/lucas/Mercado-Facil/mercado-facil/build/classes/java/main/com/ufcg/psoft/mercadofacil/MercadoFacilApplication.class]
14:50:03.127 [Test worker] INFO org.springframework.boot.test.context.SpringBootTestContextBootstrapper -- Found @SpringBootConfiguration com.ufcg.psoft.mercadofacil.MercadoFacilApplication for test class com.ufcg.psoft.mercadofacil.service.ProdutoAlterarServiceTests
14:50:03.222 [Test worker] DEBUG org.springframework.test.context.util.TestContextSpringFactoriesUtils -- Skipping candidate TestExecutionListener [org.springframework.test.context.transaction.TransactionalTestExecutionListener] due to a missing dependency. Specify custom TestExecutionListener classes or make the default TestExecutionListener classes and their required dependencies available. Offending class: [org/springframework/transaction/interceptor/TransactionAttributeSource]
14:50:03.224 [Test worker] DEBUG org.springframework.test.context.util.TestContextSpringFactoriesUtils -- Skipping candidate TestExecutionListener [org.springframework.test.context.jdbc.SqlScriptsTestExecutionListener] due to a missing dependency. Specify custom TestExecutionListener classes or make the default TestExecutionListener classes and their required dependencies available. Offending class: [org/springframework/transaction/interceptor/TransactionAttribute]
14:50:03.226 [Test worker] DEBUG org.springframework.boot.test.context.SpringBootTestContextBootstrapper -- Using TestExecutionListeners for test class [ProdutoAlterarServiceTests]: [ServletTestExecutionListener, DirtiesContextBeforeModesTestExecutionListener, ApplicationEventsTestExecutionListener, MockitoTestExecutionListener, DependencyInjectionTestExecutionListener, DirtiesContextTestExecutionListener, EventPublishingTestExecutionListener, RestDocsTestExecutionListener, MockRestServiceServerResetTestExecutionListener, MockMvcPrintOnlyOnFailureTestExecutionListener, WebDriverTestExecutionListener, MockWebServiceServerTestExecutionListener, ResetMocksTestExecutionListener]
14:50:03.227 [Test worker] DEBUG org.springframework.test.context.support.AbstractDirtiesContextTestExecutionListener -- Before test class: class [ProdutoAlterarServiceTests], class annotated with @DirtiesContext [false] with mode [null]

  .   ____          _            __ _ _
 /\\ / ___'_ __ _ _(_)_ __  __ _ \ \ \ \
( ( )\___ | '_ | '_| | '_ \/ _` | \ \ \ \
 \\/  ___)| |_)| | | | | || (_| |  ) ) ) )
  '  |____| .__|_| |_|_| |_\__, | / / / /
 =========|_|==============|___/=/_/_/_/
 :: Spring Boot ::                (v3.0.5)

2023-04-08T14:50:03.547-03:00  INFO 6721 --- [    Test worker] c.u.p.m.s.ProdutoAlterarServiceTests     : Starting ProdutoAlterarServiceTests using Java 17.0.6 with PID 6721 (started by lucas in /home/lucas/Mercado-Facil/mercado-facil)
2023-04-08T14:50:03.551-03:00  INFO 6721 --- [    Test worker] c.u.p.m.s.ProdutoAlterarServiceTests     : No active profile set, falling back to 1 default profile: "default"
2023-04-08T14:50:05.083-03:00  INFO 6721 --- [    Test worker] c.u.p.m.s.ProdutoAlterarServiceTests     : Started ProdutoAlterarServiceTests in 1.805 seconds (process running for 2.853)
]]></system-out>
  <system-err><![CDATA[]]></system-err>
</testsuite>
