<?xml version="1.0" encoding="UTF-8"?>
<testsuite name="Testes do controlador de Produtos" tests="0" skipped="0" failures="0" errors="0" timestamp="1970-01-01T00:00:00" hostname="lucaspereira" time="0.0">
  <properties/>
  <system-out><![CDATA[22:55:28.649 [Test worker] DEBUG org.springframework.boot.test.context.SpringBootTestContextBootstrapper -- Neither @ContextConfiguration nor @ContextHierarchy found for test class [ProdutoV1ControllerTests]: using SpringBootContextLoader
22:55:28.655 [Test worker] DEBUG org.springframework.test.context.support.AbstractContextLoader -- Could not detect default resource locations for test class [com.ufcg.psoft.mercadofacil.controller.ProdutoV1ControllerTests]: no resource found for suffixes {-context.xml, Context.groovy}.
22:55:28.656 [Test worker] DEBUG org.springframework.test.context.support.AnnotationConfigContextLoaderUtils -- Ignoring class [com.ufcg.psoft.mercadofacil.controller.ProdutoV1ControllerTests$ProdutoValidacaoCodigoDeBarras]; it must be static, non-private, non-final, and annotated with @Configuration to be considered a default configuration class.
22:55:28.657 [Test worker] DEBUG org.springframework.test.context.support.AnnotationConfigContextLoaderUtils -- Ignoring class [com.ufcg.psoft.mercadofacil.controller.ProdutoV1ControllerTests$ProdutoValidacaoRegrasDoPreco]; it must be static, non-private, non-final, and annotated with @Configuration to be considered a default configuration class.
22:55:28.657 [Test worker] DEBUG org.springframework.test.context.support.AnnotationConfigContextLoaderUtils -- Ignoring class [com.ufcg.psoft.mercadofacil.controller.ProdutoV1ControllerTests$ProdutoValidacaoCamposObrigatorios]; it must be static, non-private, non-final, and annotated with @Configuration to be considered a default configuration class.
22:55:28.657 [Test worker] INFO org.springframework.test.context.support.AnnotationConfigContextLoaderUtils -- Could not detect default configuration classes for test class [com.ufcg.psoft.mercadofacil.controller.ProdutoV1ControllerTests]: ProdutoV1ControllerTests does not declare any static, non-private, non-final, nested classes annotated with @Configuration.
22:55:28.700 [Test worker] DEBUG org.springframework.boot.test.context.SpringBootTestContextBootstrapper -- Using ContextCustomizers for test class [ProdutoV1ControllerTests]: [DisableObservabilityContextCustomizer, PropertyMappingContextCustomizer, Customizer, ImportsContextCustomizer, ExcludeFilterContextCustomizer, DuplicateJsonObjectContextCustomizer, MockitoContextCustomizer, TestRestTemplateContextCustomizer]
22:55:28.796 [Test worker] DEBUG org.springframework.context.annotation.ClassPathScanningCandidateComponentProvider -- Identified candidate component class: file [/home/lucas/Downloads/mercado-facil/build/classes/java/main/com/ufcg/psoft/mercadofacil/MercadoFacilApplication.class]
22:55:28.800 [Test worker] INFO org.springframework.boot.test.context.SpringBootTestContextBootstrapper -- Found @SpringBootConfiguration com.ufcg.psoft.mercadofacil.MercadoFacilApplication for test class com.ufcg.psoft.mercadofacil.controller.ProdutoV1ControllerTests
22:55:28.883 [Test worker] DEBUG org.springframework.test.context.util.TestContextSpringFactoriesUtils -- Skipping candidate TestExecutionListener [org.springframework.test.context.transaction.TransactionalTestExecutionListener] due to a missing dependency. Specify custom TestExecutionListener classes or make the default TestExecutionListener classes and their required dependencies available. Offending class: [org/springframework/transaction/interceptor/TransactionAttributeSource]
22:55:28.884 [Test worker] DEBUG org.springframework.test.context.util.TestContextSpringFactoriesUtils -- Skipping candidate TestExecutionListener [org.springframework.test.context.jdbc.SqlScriptsTestExecutionListener] due to a missing dependency. Specify custom TestExecutionListener classes or make the default TestExecutionListener classes and their required dependencies available. Offending class: [org/springframework/transaction/interceptor/TransactionAttribute]
22:55:28.886 [Test worker] DEBUG org.springframework.boot.test.context.SpringBootTestContextBootstrapper -- Using TestExecutionListeners for test class [ProdutoV1ControllerTests]: [ServletTestExecutionListener, DirtiesContextBeforeModesTestExecutionListener, ApplicationEventsTestExecutionListener, MockitoTestExecutionListener, DependencyInjectionTestExecutionListener, DirtiesContextTestExecutionListener, EventPublishingTestExecutionListener, RestDocsTestExecutionListener, MockRestServiceServerResetTestExecutionListener, MockMvcPrintOnlyOnFailureTestExecutionListener, WebDriverTestExecutionListener, MockWebServiceServerTestExecutionListener, ResetMocksTestExecutionListener]
22:55:28.887 [Test worker] DEBUG org.springframework.test.context.support.AbstractDirtiesContextTestExecutionListener -- Before test class: class [ProdutoV1ControllerTests], class annotated with @DirtiesContext [false] with mode [null]
]]></system-out>
  <system-err><![CDATA[]]></system-err>
</testsuite>
